<?xml version="1.0" encoding="UTF-8"?>
<!-- Generated by org.testng.reporters.JUnitXMLReporter -->
<testsuite ignored="1" hostname="DESKTOP-L0541FP" failures="0" tests="1" name="Default test" time="28.57" errors="0" timestamp="2022-01-30T21:36:06 EET">
  <testcase classname="herokuApp.CheckAndUpload" name="uploadFile8" time="23.06"/>
  <testcase classname="herokuApp.CheckAndUpload" name="CheckCheckboxes6" time="0.0">
    <ignored/>
  </testcase> <!-- CheckCheckboxes6 -->
</testsuite> <!-- Default test -->
