<?xml version="1.0" encoding="UTF-8"?>
<testng-results ignored="1" total="2" passed="1" failed="0" skipped="0">
  <reporter-output>
  </reporter-output>
  <suite started-at="2022-01-30T21:35:37 EET" name="Default suite" finished-at="2022-01-30T21:36:06 EET" duration-ms="28570">
    <groups>
    </groups>
    <test started-at="2022-01-30T21:35:37 EET" name="Default test" finished-at="2022-01-30T21:36:06 EET" duration-ms="28570">
      <class name="herokuApp.CheckAndUpload">
        <test-method is-config="true" signature="beforeClass()[pri:0, instance:herokuApp.CheckAndUpload@57a3af25]" started-at="2022-01-30T21:35:37 EET" name="beforeClass" finished-at="2022-01-30T21:35:41 EET" duration-ms="3274" status="PASS">
          <reporter-output>
          </reporter-output>
        </test-method> <!-- beforeClass -->
        <test-method is-config="true" signature="beforeMethod()[pri:0, instance:herokuApp.CheckAndUpload@57a3af25]" started-at="2022-01-30T21:35:41 EET" name="beforeMethod" finished-at="2022-01-30T21:35:43 EET" duration-ms="1952" status="PASS">
          <reporter-output>
          </reporter-output>
        </test-method> <!-- beforeMethod -->
        <test-method signature="uploadFile8()[pri:0, instance:herokuApp.CheckAndUpload@57a3af25]" started-at="2022-01-30T21:35:43 EET" name="uploadFile8" finished-at="2022-01-30T21:36:06 EET" duration-ms="23060" status="PASS">
          <reporter-output>
          </reporter-output>
        </test-method> <!-- uploadFile8 -->
        <test-method is-config="true" signature="afterMethod()[pri:0, instance:herokuApp.CheckAndUpload@57a3af25]" started-at="2022-01-30T21:36:06 EET" name="afterMethod" finished-at="2022-01-30T21:36:06 EET" duration-ms="245" status="PASS">
          <reporter-output>
          </reporter-output>
        </test-method> <!-- afterMethod -->
      </class> <!-- herokuApp.CheckAndUpload -->
    </test> <!-- Default test -->
  </suite> <!-- Default suite -->
</testng-results>
